<?xml version="1.0" encoding="UTF-8"?>
<testsuite xmlns:xsi="http://www.w3.org/2001/XMLSchema-instance" xsi:noNamespaceSchemaLocation="https://maven.apache.org/surefire/maven-surefire-plugin/xsd/surefire-test-report-3.0.xsd" version="3.0" name="com.example.userregistration.BCryptTest" time="0.335" tests="1" errors="0" skipped="0" failures="0">
  <properties>
[...]
</properties>
  <testcase name="testBCryptPasswordHashing" classname="com.example.userregistration.BCryptTest" time="0.306">
    <system-out><![CDATA[Password matches hash: true
New hash: $2a$10$YhQCX.BduSjBTeEVvgHuO.OyHwrRvnpWFXtca0EmqDgZmnibgND5q
New hash matches password: true
]]></system-out>
  </testcase>
</testsuite>